This is LuaTeX, Version beta-0.79.1 (TeX Live 2014) (rev 4971)  (format=lualatex 2015.5.20)  11 APR 2017 12:32
 restricted \write18 enabled.
**poster.tex

(/math/software/pkg/texlive/texlive-2014/texmf-dist/tex/generic/poster-mac/post
er.tex
LaTeX2e <2014/05/01>
Babel <3.9l> and hyphenation patterns for 79 languages loaded.
  v1.1  10/05/15  <tvz>
\@posterbox=\box26
\poster@savedbox=\box27
\poster@cropbox=\box28
)
! Emergency stop.
<*> poster.tex
           
*** (job aborted, no legal \end found)



Here is how much of LuaTeX's memory you used:
 67 strings out of 494693
 100000,89155 words of node,token memory allocated 188 words of node memory still in use:
   31 glue_spec, 1 dir nodes
   avail lists: 2:12,3:1
 3908 multiletter control sequences out of 65536+600000
 14 fonts using 562767 bytes
 5i,0n,8p,89b,8s stack positions out of 5000i,500n,10000p,200000b,100000s
!  ==> Fatal error occurred, no output PDF file produced!
