This is LuaTeX, Version beta-0.79.1 (TeX Live 2014) (rev 4971)  (format=lualatex 2015.5.20)  9 APR 2017 13:04
 restricted \write18 enabled.
**20170410-Denis-Nardin.tex
(./20170410-Denis-Nardin.tex
LaTeX2e <2014/05/01>
Babel <3.9l> and hyphenation patterns for 79 languages loaded.
(/math/software/pkg/texlive/texlive-2014/texmf-dist/tex/latex/base/article.cls
Document Class: article 2014/09/29 v1.4h Standard LaTeX document class
(/math/software/pkg/texlive/texlive-2014/texmf-dist/tex/latex/base/size10.clo
File: size10.clo 2014/09/29 v1.4h Standard LaTeX file (size option)
)
\c@part=\count79
\c@section=\count80
\c@subsection=\count81
\c@subsubsection=\count82
\c@paragraph=\count83
\c@subparagraph=\count84
\c@figure=\count85
\c@table=\count86
\abovecaptionskip=\skip41
\belowcaptionskip=\skip42
\bibindent=\dimen102
)
(/math/software/pkg/texlive/texlive-2014/texmf-dist/tex/latex/cmbright/cmbright
.sty
Package: cmbright 2005/04/13 v8.1 (WaS)
LaTeX Font Info:    Redeclaring symbol font `operators' on input line 29.
LaTeX Font Info:    Overwriting symbol font `operators' in version `normal'
(Font)                  OT1/cmr/m/n --> OT1/cmbr/m/n on input line 29.
LaTeX Font Info:    Overwriting symbol font `operators' in version `bold'
(Font)                  OT1/cmr/bx/n --> OT1/cmbr/m/n on input line 29.
LaTeX Font Info:    Redeclaring symbol font `letters' on input line 30.
LaTeX Font Info:    Overwriting symbol font `letters' in version `normal'
(Font)                  OML/cmm/m/it --> OML/cmbrm/m/it on input line 30.
LaTeX Font Info:    Overwriting symbol font `letters' in version `bold'
(Font)                  OML/cmm/b/it --> OML/cmbrm/m/it on input line 30.
LaTeX Font Info:    Overwriting symbol font `letters' in version `bold'
(Font)                  OML/cmbrm/m/it --> OML/cmbrm/b/it on input line 31.
LaTeX Font Info:    Redeclaring symbol font `symbols' on input line 32.
LaTeX Font Info:    Overwriting symbol font `symbols' in version `normal'
(Font)                  OMS/cmsy/m/n --> OMS/cmbrs/m/n on input line 32.
LaTeX Font Info:    Overwriting symbol font `symbols' in version `bold'
(Font)                  OMS/cmsy/b/n --> OMS/cmbrs/m/n on input line 32.
LaTeX Font Info:    Redeclaring math alphabet \mathit on input line 33.
LaTeX Font Info:    Overwriting math alphabet `\mathit' in version `normal'
(Font)                  OT1/cmr/m/it --> OT1/cmbr/m/sl on input line 33.
LaTeX Font Info:    Overwriting math alphabet `\mathit' in version `bold'
(Font)                  OT1/cmr/bx/it --> OT1/cmbr/m/sl on input line 33.
LaTeX Font Info:    Redeclaring math alphabet \mathbf on input line 34.
LaTeX Font Info:    Overwriting math alphabet `\mathbf' in version `normal'
(Font)                  OT1/cmr/bx/n --> OT1/cmbr/bx/n on input line 34.
LaTeX Font Info:    Overwriting math alphabet `\mathbf' in version `bold'
(Font)                  OT1/cmr/bx/n --> OT1/cmbr/bx/n on input line 34.
LaTeX Font Info:    Redeclaring math alphabet \mathtt on input line 35.
LaTeX Font Info:    Overwriting math alphabet `\mathtt' in version `normal'
(Font)                  OT1/cmtt/m/n --> OT1/cmtl/m/n on input line 35.
LaTeX Font Info:    Overwriting math alphabet `\mathtt' in version `bold'
(Font)                  OT1/cmtt/m/n --> OT1/cmtl/m/n on input line 35.
LaTeX Font Info:    Redeclaring math symbol \alpha on input line 37.
LaTeX Font Info:    Redeclaring math symbol \beta on input line 38.
LaTeX Font Info:    Redeclaring math symbol \gamma on input line 39.
LaTeX Font Info:    Redeclaring math symbol \delta on input line 40.
LaTeX Font Info:    Redeclaring math symbol \epsilon on input line 41.
LaTeX Font Info:    Redeclaring math symbol \zeta on input line 42.
LaTeX Font Info:    Redeclaring math symbol \eta on input line 43.
LaTeX Font Info:    Redeclaring math symbol \theta on input line 44.
LaTeX Font Info:    Redeclaring math symbol \iota on input line 45.
LaTeX Font Info:    Redeclaring math symbol \kappa on input line 46.
LaTeX Font Info:    Redeclaring math symbol \lambda on input line 47.
LaTeX Font Info:    Redeclaring math symbol \mu on input line 48.
LaTeX Font Info:    Redeclaring math symbol \nu on input line 49.
LaTeX Font Info:    Redeclaring math symbol \xi on input line 50.
LaTeX Font Info:    Redeclaring math symbol \pi on input line 51.
LaTeX Font Info:    Redeclaring math symbol \rho on input line 52.
LaTeX Font Info:    Redeclaring math symbol \sigma on input line 53.
LaTeX Font Info:    Redeclaring math symbol \tau on input line 54.
LaTeX Font Info:    Redeclaring math symbol \upsilon on input line 55.
LaTeX Font Info:    Redeclaring math symbol \phi on input line 56.
LaTeX Font Info:    Redeclaring math symbol \chi on input line 57.
LaTeX Font Info:    Redeclaring math symbol \psi on input line 58.
LaTeX Font Info:    Redeclaring math symbol \omega on input line 59.
LaTeX Font Info:    Redeclaring math symbol \varepsilon on input line 60.
LaTeX Font Info:    Redeclaring math symbol \vartheta on input line 61.
LaTeX Font Info:    Redeclaring math symbol \varpi on input line 62.
LaTeX Font Info:    Redeclaring math symbol \varrho on input line 63.
LaTeX Font Info:    Redeclaring math symbol \varsigma on input line 64.
LaTeX Font Info:    Redeclaring math symbol \varphi on input line 65.
LaTeX Info: Redefining \LaTeX on input line 129.
LaTeX Info: Redefining \LaTeXe on input line 139.
LaTeX Font Info:    Try loading font information for OT1+cmbr on input line 144.


(/math/software/pkg/texlive/texlive-2014/texmf-dist/tex/latex/cmbright/ot1cmbr.
fd
File: ot1cmbr.fd 2005/04/13 v8.1 (WaS)
))
(/math/software/pkg/texlive/texlive-2014/texmf-dist/tex/latex/carlisle/scalefnt
.sty)
(/math/software/pkg/texlive/texlive-2014/texmf-dist/tex/latex/amsfonts/amssymb.
sty
Package: amssymb 2013/01/14 v3.01 AMS font symbols

(/math/software/pkg/texlive/texlive-2014/texmf-dist/tex/latex/amsfonts/amsfonts
.sty
Package: amsfonts 2013/01/14 v3.01 Basic AMSFonts support
\@emptytoks=\toks14
\symAMSa=\mathgroup4
\symAMSb=\mathgroup5
LaTeX Font Info:    Overwriting math alphabet `\mathfrak' in version `bold'
(Font)                  U/euf/m/n --> U/euf/b/n on input line 106.
))
(/math/software/pkg/texlive/texlive-2014/texmf-dist/tex/latex/amsmath/amsmath.s
ty
Package: amsmath 2013/01/14 v2.14 AMS math features
\@mathmargin=\skip43

For additional information on amsmath, use the `?' option.

(/math/software/pkg/texlive/texlive-2014/texmf-dist/tex/latex/amsmath/amstext.s
ty
Package: amstext 2000/06/29 v2.01

(/math/software/pkg/texlive/texlive-2014/texmf-dist/tex/latex/amsmath/amsgen.st
y
File: amsgen.sty 1999/11/30 v2.0
\@emptytoks=\toks15
\ex@=\dimen103
))
(/math/software/pkg/texlive/texlive-2014/texmf-dist/tex/latex/amsmath/amsbsy.st
y
Package: amsbsy 1999/11/29 v1.2d
\pmbraise@=\dimen104
)
(/math/software/pkg/texlive/texlive-2014/texmf-dist/tex/latex/amsmath/amsopn.st
y
Package: amsopn 1999/12/14 v2.01 operator names
)
\inf@bad=\count87
LaTeX Info: Redefining \frac on input line 210.
\uproot@=\count88
\leftroot@=\count89
LaTeX Info: Redefining \overline on input line 306.
\classnum@=\count90
\DOTSCASE@=\count91
LaTeX Info: Redefining \ldots on input line 378.
LaTeX Info: Redefining \dots on input line 381.
LaTeX Info: Redefining \cdots on input line 466.
\Mathstrutbox@=\box26
\strutbox@=\box27
\big@size=\dimen105
LaTeX Font Info:    Redeclaring font encoding OML on input line 566.
LaTeX Font Info:    Redeclaring font encoding OMS on input line 567.
\macc@depth=\count92
\c@MaxMatrixCols=\count93
\dotsspace@=\muskip10
\c@parentequation=\count94
\dspbrk@lvl=\count95
\tag@help=\toks16
\row@=\count96
\column@=\count97
\maxfields@=\count98
\andhelp@=\toks17
\eqnshift@=\dimen106
\alignsep@=\dimen107
\tagshift@=\dimen108
\tagwidth@=\dimen109
\totwidth@=\dimen110
\lineht@=\dimen111
\@envbody=\toks18
\multlinegap=\skip44
\multlinetaggap=\skip45
\mathdisplay@stack=\toks19
LaTeX Info: Redefining \[ on input line 2665.
LaTeX Info: Redefining \] on input line 2666.
)
(/math/software/pkg/texlive/texlive-2014/texmf-dist/tex/latex/fontspec/fontspec
.sty
Package: fontspec 2015/03/14 v2.4c Font selection for XeLaTeX and LuaLaTeX

(/math/software/pkg/texlive/texlive-2014/texmf-dist/tex/latex/l3kernel/expl3.st
y
Package: expl3 2015/03/01 v5547 L3 programming layer (loader) 

(/math/software/pkg/texlive/texlive-2014/texmf-dist/tex/latex/l3kernel/expl3-co
de.tex
Package: expl3 2015/03/01 v5547 L3 programming layer (code) 
L3 Module: l3bootstrap 2015/02/28 v5542 L3 Bootstrap code

(/math/software/pkg/texlive/texlive-2014/texmf-dist/tex/latex/etex-pkg/etex.sty
Package: etex 2015/03/02 v2.1 eTeX basic definition package (PEB,DPC)
\et@xins=\count99
)
L3 Module: l3names 2015/02/24 v5535 L3 Namespace for primitives
L3 Module: l3basics 2015/01/27 v5500 L3 Basic definitions
L3 Module: l3expan 2014/11/27 v5472 L3 Argument expansion
L3 Module: l3tl 2015/01/27 v5500 L3 Token lists
L3 Module: l3str 2015/03/01 v5545 L3 Strings
L3 Module: l3seq 2014/08/23 v5354 L3 Sequences and stacks
L3 Module: l3int 2015/02/21 v5529 L3 Integers
\c_max_int=\count100
\l_tmpa_int=\count101
\l_tmpb_int=\count102
\g_tmpa_int=\count103
\g_tmpb_int=\count104
L3 Module: l3quark 2014/08/23 v5354 L3 Quarks
L3 Module: l3prg 2014/08/23 v5354 L3 Control structures
\g__prg_map_int=\count105
L3 Module: l3clist 2014/08/23 v5354 L3 Comma separated lists
L3 Module: l3token 2014/09/15 v5422 L3 Experimental token manipulation
L3 Module: l3prop 2014/08/23 v5354 L3 Property lists
L3 Module: l3msg 2015/02/26 v5537 L3 Messages
L3 Module: l3file 2014/08/24 v5369 L3 File and I/O operations
\l_iow_line_count_int=\count106
\l__iow_target_count_int=\count107
\l__iow_current_line_int=\count108
\l__iow_current_word_int=\count109
\l__iow_current_indentation_int=\count110
L3 Module: l3skip 2014/08/23 v5354 L3 Dimensions and skips
\c_zero_dim=\dimen112
\c_max_dim=\dimen113
\l_tmpa_dim=\dimen114
\l_tmpb_dim=\dimen115
\g_tmpa_dim=\dimen116
\g_tmpb_dim=\dimen117
\c_zero_skip=\skip46
\c_max_skip=\skip47
\l_tmpa_skip=\skip48
\l_tmpb_skip=\skip49
\g_tmpa_skip=\skip50
\g_tmpb_skip=\skip51
\c_zero_muskip=\muskip11
\c_max_muskip=\muskip12
\l_tmpa_muskip=\muskip13
\l_tmpb_muskip=\muskip14
\g_tmpa_muskip=\muskip15
\g_tmpb_muskip=\muskip16
L3 Module: l3keys 2015/01/27 v5500 L3 Key-value interfaces
\g__keyval_level_int=\count111
\l_keys_choice_int=\count112
L3 Module: l3fp 2014/08/22 v5336 L3 Floating points
\c__fp_leading_shift_int=\count113
\c__fp_middle_shift_int=\count114
\c__fp_trailing_shift_int=\count115
\c__fp_big_leading_shift_int=\count116
\c__fp_big_middle_shift_int=\count117
\c__fp_big_trailing_shift_int=\count118
\c__fp_Bigg_leading_shift_int=\count119
\c__fp_Bigg_middle_shift_int=\count120
\c__fp_Bigg_trailing_shift_int=\count121
L3 Module: l3box 2014/08/23 v5354 L3 Experimental boxes
\c_empty_box=\box28
\l_tmpa_box=\box29
\l_tmpb_box=\box30
\g_tmpa_box=\box31
\g_tmpb_box=\box32
L3 Module: l3coffins 2014/08/23 v5354 L3 Coffin code layer
\l__coffin_internal_box=\box33
\l__coffin_internal_dim=\dimen118
\l__coffin_offset_x_dim=\dimen119
\l__coffin_offset_y_dim=\dimen120
\l__coffin_x_dim=\dimen121
\l__coffin_y_dim=\dimen122
\l__coffin_x_prime_dim=\dimen123
\l__coffin_y_prime_dim=\dimen124
\c_empty_coffin=\box34
\l__coffin_aligned_coffin=\box35
\l__coffin_aligned_internal_coffin=\box36
\l_tmpa_coffin=\box37
\l_tmpb_coffin=\box38
\l__coffin_display_coffin=\box39
\l__coffin_display_coord_coffin=\box40
\l__coffin_display_pole_coffin=\box41
\l__coffin_display_offset_dim=\dimen125
\l__coffin_display_x_dim=\dimen126
\l__coffin_display_y_dim=\dimen127
L3 Module: l3color 2014/08/23 v5354 L3 Experimental color support
L3 Module: l3candidates 2015/03/01 v5544 L3 Experimental additions to l3kernel
\l__box_top_dim=\dimen128
\l__box_bottom_dim=\dimen129
\l__box_left_dim=\dimen130
\l__box_right_dim=\dimen131
\l__box_top_new_dim=\dimen132
\l__box_bottom_new_dim=\dimen133
\l__box_left_new_dim=\dimen134
\l__box_right_new_dim=\dimen135
\l__box_internal_box=\box42
\l__coffin_bounding_shift_dim=\dimen136
\l__coffin_left_corner_dim=\dimen137
\l__coffin_right_corner_dim=\dimen138
\l__coffin_bottom_corner_dim=\dimen139
\l__coffin_top_corner_dim=\dimen140
\l__coffin_scaled_total_height_dim=\dimen141
\l__coffin_scaled_width_dim=\dimen142
)
(/math/software/pkg/texlive/texlive-2014/texmf-dist/tex/latex/l3kernel/l3unicod
e-data.def
File: l3unicode-data.def 2015/03/01 v5544 L3 Unicode data
)
(/math/software/pkg/texlive/texlive-2014/texmf-dist/tex/latex/l3kernel/l3pdfmod
e.def
File: l3pdfmode.def 2015/03/01 v5544 L3 Experimental driver: PDF mode
\l__driver_color_stack_int=\count122
))
(/math/software/pkg/texlive/texlive-2014/texmf-dist/tex/latex/l3packages/xparse
/xparse.sty
Package: xparse 2014/11/25 v5471 L3 Experimental document command parser
\l__xparse_current_arg_int=\count123
\l__xparse_m_args_int=\count124
\l__xparse_mandatory_args_int=\count125
\l__xparse_processor_int=\count126
\l__xparse_v_nesting_int=\count127
)
(/math/software/pkg/texlive/texlive-2014/texmf-dist/tex/luatex/luaotfload/luaot
fload.sty
Package: luaotfload 2014/08/10 v2.5-4 OpenType layout system

(/math/software/pkg/texlive/texlive-2014/texmf-dist/tex/luatex/luatexbase/luate
xbase.sty
Package: luatexbase 2013/05/11 v0.6 Resource management for the LuaTeX macro pro
grammer

(/math/software/pkg/texlive/texlive-2014/texmf-dist/tex/generic/oberdiek/ifluat
ex.sty
Package: ifluatex 2010/03/01 v1.3 Provides the ifluatex switch (HO)
Package ifluatex Info: LuaTeX detected.
)
(/math/software/pkg/texlive/texlive-2014/texmf-dist/tex/generic/oberdiek/luatex
.sty
Package: luatex 2010/03/09 v0.4 LuaTeX basic definition package (HO)

(/math/software/pkg/texlive/texlive-2014/texmf-dist/tex/generic/oberdiek/infwar
err.sty
Package: infwarerr 2010/04/08 v1.3 Providing info/warning/error messages (HO)
)
\LuT@AllocAttribute=\count277
\LuT@AllocCatcodeTable=\count278
\CatcodeTableStack=\count279
\CatcodeTableIniTeX=\catcodetable1
\CatcodeTableString=\catcodetable3
\CatcodeTableOther=\catcodetable5
\CatcodeTableLaTeX=\catcodetable7

(/math/software/pkg/texlive/texlive-2014/texmf-dist/tex/generic/oberdiek/luatex
-loader.sty
Package: luatex-loader 2010/03/09 v0.4 Lua module loader (HO)

(/math/software/pkg/texlive/texlive-2014/texmf-dist/scripts/oberdiek/oberdiek.lu
atex.lua)))
(/math/software/pkg/texlive/texlive-2014/texmf-dist/tex/luatex/luatexbase/luate
xbase-compat.sty
Package: luatexbase-compat 2011/05/24 v0.4 Compatibility tools for LuaTeX
)
(/math/software/pkg/texlive/texlive-2014/texmf-dist/tex/luatex/luatexbase/luate
xbase-modutils.sty
Package: luatexbase-modutils 2013/05/11 v0.6 Module utilities for LuaTeX

(/math/software/pkg/texlive/texlive-2014/texmf-dist/tex/luatex/luatexbase/luate
xbase-loader.sty
Package: luatexbase-loader 2013/05/11 v0.6 Lua module loader for LuaTeX

(/math/software/pkg/texlive/texlive-2014/texmf-dist/tex/luatex/luatexbase/luatex
base.loader.lua))
(/math/software/pkg/texlive/texlive-2014/texmf-dist/tex/luatex/luatexbase/moduti
ls.lua)
Lua module: luatexbase-modutils 2013/05/11 0.6 Module utilities for LuaTeX
)
(/math/software/pkg/texlive/texlive-2014/texmf-dist/tex/luatex/luatexbase/luate
xbase-regs.sty
Package: luatexbase-regs 2011/05/24 v0.4 Registers allocation for LuaTeX
)
(/math/software/pkg/texlive/texlive-2014/texmf-dist/tex/luatex/luatexbase/luate
xbase-attr.sty
Package: luatexbase-attr 2013/05/11 v0.6 Attributes allocation for LuaTeX

(/math/software/pkg/texlive/texlive-2014/texmf-dist/tex/luatex/luatexbase/attr.l
ua)
Lua module: luatexbase-attr 2013/05/11 0.6 Attributes allocation for LuaTeX
\lltxb@attr@unsetvalue=\count280
)
(/math/software/pkg/texlive/texlive-2014/texmf-dist/tex/luatex/luatexbase/luate
xbase-cctb.sty
Package: luatexbase-cctb 2013/05/11 v0.6 Catcodetable allocation for LuaTeX

(/math/software/pkg/texlive/texlive-2014/texmf-dist/tex/luatex/luatexbase/cctb.l
ua)
Lua module: luatexbase-cctb 2013/05/11 0.6 Catcodetable allocation for LuaTeX
\lltxb@catcodetable@alloc=\count281
\CatcodeTableStack=\count282
\CatcodeTableIniTeX=\luatexcatcodetable1
\CatcodeTableString=\luatexcatcodetable3
\CatcodeTableOther=\luatexcatcodetable5
\CatcodeTableLaTeX=\luatexcatcodetable7
\CatcodeTableLaTeXAtLetter=\luatexcatcodetable9
\CatcodeTableExpl=\luatexcatcodetable11
)
(/math/software/pkg/texlive/texlive-2014/texmf-dist/tex/luatex/luatexbase/luate
xbase-mcb.sty
Package: luatexbase-mcb 2013/05/11 v0.6 Callback management for LuaTeX

(/math/software/pkg/texlive/texlive-2014/texmf-dist/tex/luatex/luatexbase/mcb.lu
a)
Lua module: luatexbase-mcb 2013/05/11 0.6 register several functions in a callba
ck
))
(/math/software/pkg/texlive/texlive-2014/texmf-dist/tex/luatex/luaotfload/luaotf
load-main.lua)
Lua module: luaotfload-main 2014/08/10 2.50003 OpenType layout system.

(/math/software/pkg/texlive/texlive-2014/texmf-dist/tex/luatex/luaotfload/luaotf
load-log.lua)
(/math/software/pkg/texlive/texlive-2014/texmf-dist/tex/luatex/luaotfload/luaotf
load-fontloader.lua)(using write cache: /math/home/hood/.texlive2014/texmf-var/l
uatex-cache/generic)(using read cache: /math/software/pkg/texlive/texlive-2014/t
exmf-var/luatex-cache/generic /math/home/hood/.texlive2014/texmf-var/luatex-cach
e/generic)
luatexbase-attr: luatexbase.attributes["luaotfload@kernpair"] = 1
luatexbase-attr: luatexbase.attributes["luaotfload@ligacomp"] = 2
luatexbase-attr: luatexbase.attributes["luaotfload@markbase"] = 3
luatexbase-attr: luatexbase.attributes["luaotfload@markmark"] = 4
luatexbase-attr: luatexbase.attributes["luaotfload@markdone"] = 5
luatexbase-attr: luatexbase.attributes["luaotfload@cursbase"] = 6
luatexbase-attr: luatexbase.attributes["luaotfload@curscurs"] = 7
luatexbase-attr: luatexbase.attributes["luaotfload@cursdone"] = 8
luatexbase-attr: luatexbase.attributes["luaotfload@state"] = 9
luaotfload | main : fontloader loaded in 0.062 seconds
luatexbase-mcb: inserting 'luaotfload.node_processor'
at position 1 in 'pre_linebreak_filter'
luatexbase-mcb: inserting 'luaotfload.node_processor'
at position 1 in 'hpack_filter'
luatexbase-mcb: inserting 'luaotfload.find_vf_file'
at position 1 in 'find_vf_file'
(/math/software/pkg/texlive/texlive-2014/texmf-dist/tex/luatex/luaotfload/luaotf
load-override.lua)
(/math/software/pkg/texlive/texlive-2014/texmf-dist/tex/luatex/luaotfload/luaotf
load-parsers.lua)
(/math/software/pkg/texlive/texlive-2014/texmf-dist/tex/luatex/luaotfload/luaotf
load-configuration.lua)
(/math/software/pkg/texlive/texlive-2014/texmf-dist/tex/luatex/luaotfload/luaotf
load-status.lua)
luaotfload | conf : Root cache directory is /math/home/hood/.texlive2014/texmf-v
ar/luatex-cache/generic/names.
(/math/software/pkg/texlive/texlive-2014/texmf-dist/tex/luatex/luaotfload/luaotf
load-loaders.lua)
(/math/software/pkg/texlive/texlive-2014/texmf-dist/tex/luatex/luaotfload/luaotf
load-database.lua)
(/math/software/pkg/texlive/texlive-2014/texmf-dist/tex/luatex/luaotfload/luaotf
load-colors.lua)
luaotfload | conf : Root cache directory is /math/home/hood/.texlive2014/texmf-v
ar/luatex-cache/generic/names.
luatexbase-mcb: creating 'luaotfload.resolve_font' type 4
luatexbase-mcb: creating 'luaotfload.patch_font' type 4
luatexbase-mcb: resetting callback 'define_font'
luatexbase-mcb: inserting 'luaotfload.define_font'
at position 1 in 'define_font'
(/math/software/pkg/texlive/texlive-2014/texmf-dist/tex/luatex/luaotfload/luaotf
load-features.lua)
(/math/software/pkg/texlive/texlive-2014/texmf-dist/tex/luatex/luaotfload/luaotf
load-letterspace.lua)
(/math/software/pkg/texlive/texlive-2014/texmf-dist/tex/luatex/luaotfload/luaotf
load-auxiliary.lua)
luatexbase-mcb: inserting 'luaotfload.aux.set_sscale_dimens'
at position 1 in 'luaotfload.patch_font'
luatexbase-mcb: inserting 'luaotfload.aux.patch_cambria_domh'
at position 2 in 'luaotfload.patch_font'
luatexbase-mcb: inserting 'luaotfload.aux.set_capheight'
at position 3 in 'luaotfload.patch_font'
luatexbase-mcb: inserting 'luaotfload.rewrite_fontname'
at position 4 in 'luaotfload.patch_font')
(/math/software/pkg/texlive/texlive-2014/texmf-dist/tex/latex/fontspec/fontspec.
lua)
Lua module: fontspec 2013/05/20 2.3c Advanced font selection for LuaLaTeX.
\l_fontspec_script_int=\count283
\l_fontspec_language_int=\count284
\l_fontspec_strnum_int=\count285
\l__fontspec_tmpa_dim=\dimen256
\l__fontspec_tmpb_dim=\dimen257
\l__fontspec_tmpc_dim=\dimen258
Variant \tl_gset:cV already defined; not changing it on line 71

(/math/software/pkg/texlive/texlive-2014/texmf-dist/tex/latex/fontspec/fontspec
-patches.sty
Package: fontspec-patches 2015/03/14 v2.4c Font selection for XeLaTeX and LuaLaT
eX
LaTeX Info: Redefining \em on input line 49.
LaTeX Info: Redefining \emph on input line 57.
LaTeX Info: Redefining \- on input line 60.
.................................................
. LaTeX info: "xparse/redefine-command"
. 
. Redefining command \oldstylenums with sig. 'm' on line 155.
.................................................
.................................................
. LaTeX info: "xparse/define-command"
. 
. Defining command \liningnums with sig. 'm' on line 159.
.................................................
)
(/math/software/pkg/texlive/texlive-2014/texmf-dist/tex/latex/fontspec/fontspec
-luatex.sty
Package: fontspec-luatex 2015/03/14 v2.4c Font selection for XeLaTeX and LuaLaTe
X

(/math/software/pkg/texlive/texlive-2014/texmf-dist/tex/latex/base/fontenc.sty
Package: fontenc 2005/09/27 v1.99g Standard LaTeX package

(/math/software/pkg/texlive/texlive-2014/texmf-dist/tex/latex/euenc/eu2enc.def
File: eu2enc.def 2010/05/27 v0.1h Experimental Unicode font encodings
)
LaTeX Font Info:    Try loading font information for EU2+lmr on input line 100.

(/math/software/pkg/texlive/texlive-2014/texmf-dist/tex/latex/euenc/eu2lmr.fd
File: eu2lmr.fd 2009/10/30 v1.6 Font defs for Latin Modern
)
luaotfload | db : Font names database loaded from /math/home/hood/.texlive2014/t
exmf-var/luatex-cache/generic/names/luaotfload-names.luc(compiling luc: /math/so
ftware/pkg/texlive/texlive-2014/texmf-var/luatex-cache/generic/fonts/otf/lmroman
10-regular.luc)(load luc: /math/home/hood/.texlive2014/texmf-var/luatex-cache/ge
neric/fonts/otf/lmroman10-regular.luc))
(/math/software/pkg/texlive/texlive-2014/texmf-dist/tex/xelatex/xunicode/xunico
de.sty
File: xunicode.sty 2011/09/09 v0.981 provides access to latin accents and many o
ther characters in Unicode lower plane

(/math/software/pkg/texlive/texlive-2014/texmf-dist/tex/latex/tipa/t3enc.def
File: t3enc.def 2001/12/31 T3 encoding
(compiling luc: /math/software/pkg/texlive/texlive-2014/texmf-var/luatex-cache/g
eneric/fonts/otf/lmromanslant10-regular.luc)(load luc: /math/home/hood/.texlive2
014/texmf-var/luatex-cache/generic/fonts/otf/lmromanslant10-regular.luc)(compili
ng luc: /math/software/pkg/texlive/texlive-2014/texmf-var/luatex-cache/generic/f
onts/otf/lmroman10-italic.luc)(load luc: /math/home/hood/.texlive2014/texmf-var/
luatex-cache/generic/fonts/otf/lmroman10-italic.luc)(compiling luc: /math/softwa
re/pkg/texlive/texlive-2014/texmf-var/luatex-cache/generic/fonts/otf/lmroman10-b
old.luc)(load luc: /math/home/hood/.texlive2014/texmf-var/luatex-cache/generic/f
onts/otf/lmroman10-bold.luc)
LaTeX Font Info:    Try loading font information for EU2+lmss on input line 357.


(/math/software/pkg/texlive/texlive-2014/texmf-dist/tex/latex/euenc/eu2lmss.fd
File: eu2lmss.fd 2009/10/30 v1.6 Font defs for Latin Modern
)(compiling luc: /math/software/pkg/texlive/texlive-2014/texmf-var/luatex-cache/
generic/fonts/otf/lmsans10-regular.luc)(load luc: /math/home/hood/.texlive2014/t
exmf-var/luatex-cache/generic/fonts/otf/lmsans10-regular.luc))
\tipaTiiicode=\count286
\tipasavetokens=\toks20
\tipachecktokens=\toks21

(/math/software/pkg/texlive/texlive-2014/texmf-dist/tex/latex/graphics/graphicx
.sty
Package: graphicx 2014/10/28 v1.0g Enhanced LaTeX Graphics (DPC,SPQR)

(/math/software/pkg/texlive/texlive-2014/texmf-dist/tex/latex/graphics/keyval.s
ty
Package: keyval 2014/10/28 v1.15 key=value parser (DPC)
\KV@toks@=\toks22
)
(/math/software/pkg/texlive/texlive-2014/texmf-dist/tex/latex/graphics/graphics
.sty
Package: graphics 2014/10/28 v1.0p Standard LaTeX Graphics (DPC,SPQR)

(/math/software/pkg/texlive/texlive-2014/texmf-dist/tex/latex/graphics/trig.sty
Package: trig 1999/03/16 v1.09 sin cos tan (DPC)
)
(/math/software/pkg/texlive/texlive-2014/texmf-dist/tex/latex/latexconfig/graph
ics.cfg
File: graphics.cfg 2010/04/23 v1.9 graphics configuration of TeX Live
)
Package graphics Info: Driver file: pdftex.def on input line 91.

(/math/software/pkg/texlive/texlive-2014/texmf-dist/tex/latex/pdftex-def/pdftex
.def
File: pdftex.def 2011/05/27 v0.06d Graphics/color for pdfTeX

(/math/software/pkg/texlive/texlive-2014/texmf-dist/tex/generic/oberdiek/ltxcmd
s.sty
Package: ltxcmds 2011/11/09 v1.22 LaTeX kernel commands for general use (HO)
)
(/math/software/pkg/texlive/texlive-2014/texmf-dist/tex/generic/oberdiek/pdftex
cmds.sty
Package: pdftexcmds 2011/11/29 v0.20 Utility functions of pdfTeX for LuaTeX (HO)


(/math/software/pkg/texlive/texlive-2014/texmf-dist/tex/generic/oberdiek/ifpdf.
sty
Package: ifpdf 2011/01/30 v2.3 Provides the ifpdf switch (HO)
Package ifpdf Info: pdfTeX in PDF mode is detected.
)
Package pdftexcmds Info: \pdf@primitive is available.
Package pdftexcmds Info: \pdf@ifprimitive is available.
Package pdftexcmds Info: \pdfdraftmode found.

(/math/software/pkg/texlive/texlive-2014/texmf-dist/scripts/oberdiek/pdftexcmds.
lua)
\pdftexcmds@toks=\toks23
)
\Gread@gobject=\count287
))
\Gin@req@height=\dimen259
\Gin@req@width=\dimen260
))
.................................................
. LaTeX info: "xparse/define-command"
. 
. Defining command \__fontspec_post_arg:w with sig. 'mmO{}' on line 45.
.................................................
.................................................
. LaTeX info: "xparse/define-command"
. 
. Defining command \fontspec with sig. 'om' on line 47.
.................................................
.................................................
. LaTeX info: "xparse/define-command"
. 
. Defining command \setmainfont with sig. 'om' on line 57.
.................................................
.................................................
. LaTeX info: "xparse/define-command"
. 
. Defining command \setsansfont with sig. 'om' on line 67.
.................................................
.................................................
. LaTeX info: "xparse/define-command"
. 
. Defining command \setmonofont with sig. 'om' on line 77.
.................................................
.................................................
. LaTeX info: "xparse/define-command"
. 
. Defining command \setmathrm with sig. 'om' on line 91.
.................................................
.................................................
. LaTeX info: "xparse/define-command"
. 
. Defining command \setboldmathrm with sig. 'om' on line 99.
.................................................
.................................................
. LaTeX info: "xparse/define-command"
. 
. Defining command \setmathsf with sig. 'om' on line 107.
.................................................
.................................................
. LaTeX info: "xparse/define-command"
. 
. Defining command \setmathtt with sig. 'om' on line 115.
.................................................
.................................................
. LaTeX info: "xparse/define-command"
. 
. Defining command \newfontfamily with sig. 'mom' on line 129.
.................................................
.................................................
. LaTeX info: "xparse/define-command"
. 
. Defining command \newfontface with sig. 'mom' on line 144.
.................................................
.................................................
. LaTeX info: "xparse/define-command"
. 
. Defining command \defaultfontfeatures with sig. 't+om' on line 158.
.................................................
.................................................
. LaTeX info: "xparse/define-command"
. 
. Defining command \addfontfeatures with sig. 'm' on line 214.
.................................................
.................................................
. LaTeX info: "xparse/define-command"
. 
. Defining command \newfontfeature with sig. 'mm' on line 225.
.................................................
.................................................
. LaTeX info: "xparse/define-command"
. 
. Defining command \newAATfeature with sig. 'mmmm' on line 233.
.................................................
.................................................
. LaTeX info: "xparse/define-command"
. 
. Defining command \newopentypefeature with sig. 'mmm' on line 241.
.................................................
.................................................
. LaTeX info: "xparse/define-command"
. 
. Defining command \aliasfontfeature with sig. 'mm' on line 265.
.................................................
.................................................
. LaTeX info: "xparse/define-command"
. 
. Defining command \aliasfontfeatureoption with sig. 'mmm' on line 274.
.................................................
.................................................
. LaTeX info: "xparse/define-command"
. 
. Defining command \newfontscript with sig. 'mm' on line 279.
.................................................
.................................................
. LaTeX info: "xparse/define-command"
. 
. Defining command \newfontlanguage with sig. 'mm' on line 305.
.................................................
.................................................
. LaTeX info: "xparse/define-command"
. 
. Defining command \DeclareFontsExtensions with sig. 'm' on line 325.
.................................................
Variant \prop_gput:cnV already defined; not changing it on line 708
Variant \prop_gput:cnx already defined; not changing it on line 709
\l__fontspec_tmp_int=\count288
LaTeX Info: Redefining \itshape on input line 2156.
LaTeX Info: Redefining \slshape on input line 2161.
LaTeX Info: Redefining \scshape on input line 2166.
LaTeX Info: Redefining \upshape on input line 2171.

(/math/software/pkg/texlive/texlive-2014/texmf-dist/tex/latex/fontspec/fontspec
.cfg)))
\@input{poster_fitbox.aux}
(./poster_fitbox.tex
(/math/software/pkg/texlive/texlive-2014/texmf-dist/tex/latex/environ/environ.s
ty
Package: environ 2014/05/04 v0.3 A new way to define environments

(/math/software/pkg/texlive/texlive-2014/texmf-dist/tex/latex/trimspaces/trimsp
aces.sty
Package: trimspaces 2009/09/17 v1.1 Trim spaces around a token list
))
\fontdim=\dimen261
\upperfontdim=\dimen262
\lowerfontdim=\dimen263
\trialbox=\box256
\linebox=\box257
\maxbad=\count289
\linebad=\count290
\currenthbadness=\count291
)
(/math/software/pkg/texlive/texlive-2014/texmf-dist/tex/latex/geometry/geometry
.sty
Package: geometry 2010/09/12 v5.6 Page Geometry

(/math/software/pkg/texlive/texlive-2014/texmf-dist/tex/generic/oberdiek/ifvtex
.sty
Package: ifvtex 2010/03/01 v1.5 Detect VTeX and its facilities (HO)
Package ifvtex Info: VTeX not detected.
)
(/math/software/pkg/texlive/texlive-2014/texmf-dist/tex/generic/ifxetex/ifxetex
.sty
Package: ifxetex 2010/09/12 v0.6 Provides ifxetex conditional
)
\Gm@cnth=\count292
\Gm@cntv=\count293
\c@Gm@tempcnt=\count294
\Gm@bindingoffset=\dimen264
\Gm@wd@mp=\dimen265
\Gm@odd@mp=\dimen266
\Gm@even@mp=\dimen267
\Gm@layoutwidth=\dimen268
\Gm@layoutheight=\dimen269
\Gm@layouthoffset=\dimen270
\Gm@layoutvoffset=\dimen271
\Gm@dimlist=\toks24
) (./20170410-Denis-Nardin.aux)
LaTeX Font Info:    Checking defaults for OML/cmm/m/it on input line 38.
LaTeX Font Info:    ... okay on input line 38.
LaTeX Font Info:    Checking defaults for T1/cmr/m/n on input line 38.
LaTeX Font Info:    ... okay on input line 38.
LaTeX Font Info:    Checking defaults for OT1/cmr/m/n on input line 38.
LaTeX Font Info:    ... okay on input line 38.
LaTeX Font Info:    Checking defaults for OMS/cmsy/m/n on input line 38.
LaTeX Font Info:    ... okay on input line 38.
LaTeX Font Info:    Checking defaults for OMX/cmex/m/n on input line 38.
LaTeX Font Info:    ... okay on input line 38.
LaTeX Font Info:    Checking defaults for U/cmr/m/n on input line 38.
LaTeX Font Info:    ... okay on input line 38.
LaTeX Font Info:    Checking defaults for EU2/lmr/m/n on input line 38.
LaTeX Font Info:    ... okay on input line 38.
LaTeX Font Info:    Checking defaults for T3/cmr/m/n on input line 38.
LaTeX Font Info:    Try loading font information for T3+cmr on input line 38.

(/math/software/pkg/texlive/texlive-2014/texmf-dist/tex/latex/tipa/t3cmr.fd
File: t3cmr.fd 2001/12/31 TIPA font definitions
)
LaTeX Font Info:    ... okay on input line 38.

(/math/software/pkg/texlive/texlive-2014/texmf-dist/tex/context/base/supp-pdf.m
kii
[Loading MPS to PDF converter (version 2006.09.02).]
\scratchcounter=\count295
\scratchdimen=\dimen272
\scratchbox=\box258
\nofMPsegments=\count296
\nofMParguments=\count297
\everyMPshowfont=\toks25
\MPscratchCnt=\count298
\MPscratchDim=\dimen273
\MPnumerator=\count299
\makeMPintoPDFobject=\count300
\everyMPtoPDFconversion=\toks26
)
(/math/software/pkg/texlive/texlive-2014/texmf-dist/tex/latex/oberdiek/epstopdf
-base.sty
Package: epstopdf-base 2010/02/09 v2.5 Base part for package epstopdf

(/math/software/pkg/texlive/texlive-2014/texmf-dist/tex/latex/oberdiek/grfext.s
ty
Package: grfext 2010/08/19 v1.1 Manage graphics extensions (HO)

(/math/software/pkg/texlive/texlive-2014/texmf-dist/tex/generic/oberdiek/kvdefi
nekeys.sty
Package: kvdefinekeys 2011/04/07 v1.3 Define keys (HO)
))
(/math/software/pkg/texlive/texlive-2014/texmf-dist/tex/latex/oberdiek/kvoption
s.sty
Package: kvoptions 2011/06/30 v3.11 Key value format for package options (HO)

(/math/software/pkg/texlive/texlive-2014/texmf-dist/tex/generic/oberdiek/kvsetk
eys.sty
Package: kvsetkeys 2012/04/25 v1.16 Key value parser (HO)

(/math/software/pkg/texlive/texlive-2014/texmf-dist/tex/generic/oberdiek/etexcm
ds.sty
Package: etexcmds 2011/02/16 v1.5 Avoid name clashes with e-TeX commands (HO)
)))
Package grfext Info: Graphics extension search list:
(grfext)             [.png,.pdf,.jpg,.mps,.jpeg,.jbig2,.jb2,.PNG,.PDF,.JPG,.JPEG
,.JBIG2,.JB2,.eps]
(grfext)             \AppendGraphicsExtensions on input line 452.

(/math/software/pkg/texlive/texlive-2014/texmf-dist/tex/latex/latexconfig/epsto
pdf-sys.cfg
File: epstopdf-sys.cfg 2010/07/13 v1.3 Configuration of (r)epstopdf for TeX Live

))
*geometry* driver: auto-detecting
*geometry* detected driver: pdftex
*geometry* verbose mode - [ preamble ] result:
* driver: pdftex
* paper: <default>
* layout: <same size as paper>
* layoutoffset:(h,v)=(0.0pt,0.0pt)
* modes: 
* h-part:(L,W,R)=(36.135pt, 542.02501pt, 36.135pt)
* v-part:(T,H,B)=(36.135pt, 722.7pt, 36.135pt)
* \paperwidth=614.295pt
* \paperheight=794.96999pt
* \textwidth=542.02501pt
* \textheight=722.7pt
* \oddsidemargin=-36.135pt
* \evensidemargin=-36.135pt
* \topmargin=-73.135pt
* \headheight=12.0pt
* \headsep=25.0pt
* \topskip=10.0pt
* \footskip=30.0pt
* \marginparwidth=72.26999pt
* \marginparsep=11.0pt
* \columnsep=10.0pt
* \skip\footins=9.0pt plus 4.0pt minus 2.0pt
* \hoffset=0.0pt
* \voffset=0.0pt
* \mag=1000
* \@twocolumnfalse
* \@twosidefalse
* \@mparswitchfalse
* \@reversemarginfalse
* (1in=72.27pt=25.4mm, 1cm=28.453pt)

(compiling luc: /math/software/pkg/texlive/texlive-2014/texmf-var/luatex-cache/g
eneric/fonts/otf/lmsans17-regular.luc)(load luc: /math/home/hood/.texlive2014/te
xmf-var/luatex-cache/generic/fonts/otf/lmsans17-regular.luc)(compiling luc: /mat
h/software/pkg/texlive/texlive-2014/texmf-var/luatex-cache/generic/fonts/otf/lms
ans10-bold.luc)(load luc: /math/home/hood/.texlive2014/texmf-var/luatex-cache/ge
neric/fonts/otf/lmsans10-bold.luc)
Starting measureline recursion with width 0.9\textwidth 
LaTeX Font Info:    Calculating math sizes for size <16> on input line 55.
LaTeX Font Info:    Try loading font information for OML+cmbrm on input line 55.


(/math/software/pkg/texlive/texlive-2014/texmf-dist/tex/latex/cmbright/omlcmbrm
.fd
File: omlcmbrm.fd 2005/04/13 v8.1 (WaS)
)
LaTeX Font Info:    Try loading font information for OMS+cmbrs on input line 55.


(/math/software/pkg/texlive/texlive-2014/texmf-dist/tex/latex/cmbright/omscmbrs
.fd
File: omscmbrs.fd 2005/04/13 v8.1 (WaS)
) Iteration of measurelines
Badness: 0 0 with max 0 at Fontsize: 16.0pt 
Iteration of measurelines
Badness: 3 3 with max 0 at Fontsize: 16.0pt 
Iteration of measurelines
Badness: 86 86 with max 3 at Fontsize: 16.0pt 
Iteration of measurelines
Badness: 30 30 with max 86 at Fontsize: 16.0pt 
Iteration of measurelines
Badness: 7 7 with max 86 at Fontsize: 16.0pt 
Iteration of measurelines
Badness: 0 0 with max 86 at Fontsize: 16.0pt 
Measured badness: 86 at Fontsize: 16.0pt 
Measured box height: 88.1598pt 
Selected font: 16.0pt 
(compiling luc: /math/software/pkg/texlive/texlive-2014/texmf-var/luatex-cache/g
eneric/fonts/otf/lmsans12-regular.luc)(load luc: /math/home/hood/.texlive2014/te
xmf-var/luatex-cache/generic/fonts/otf/lmsans12-regular.luc)
LaTeX Font Info:    Try loading font information for EU2+lmtt on input line 58.

(/math/software/pkg/texlive/texlive-2014/texmf-dist/tex/latex/euenc/eu2lmtt.fd
File: eu2lmtt.fd 2009/10/30 v1.6 Font defs for Latin Modern
)(compiling luc: /math/software/pkg/texlive/texlive-2014/texmf-var/luatex-cache/
generic/fonts/otf/lmmono12-regular.luc)(load luc: /math/home/hood/.texlive2014/t
exmf-var/luatex-cache/generic/fonts/otf/lmmono12-regular.luc) [1



{/math/software/pkg/texlive/texlive-2014/texmf-var/fonts/map/pdftex/updmap/pdfte
x.map}]
(./20170410-Denis-Nardin.aux))

Here is how much of LuaTeX's memory you used:
 16137 strings out of 494693
 100000,383344 words of node,token memory allocated
 371 words of node memory still in use:
   6 hlist, 2 vlist, 2 rule, 2 glue, 2 kern, 6 attribute, 45 glue_spec, 6 attrib
ute_list, 1 write nodes
   avail lists: 2:2315,3:28,4:267,5:66,6:739,7:9,9:37,10:68
 19448 multiletter control sequences out of 65536+600000
 46 fonts using 3199047 bytes
 55i,5n,40p,1178b,147s stack positions out of 5000i,500n,10000p,200000b,100000s
</usr/share/fonts/lm/lmmono12-regular.otf></usr/share/fonts/lm/lmsans12-regular.
otf></usr/share/fonts/lm/lmsans10-bold.otf></usr/share/fonts/lm/lmsans17-regular
.otf><</math/software/pkg/texlive/texlive-2014/texmf-dist/fonts/type1/public/hfb
right/hfbrmi10.pfb>
Output written on 20170410-Denis-Nardin.pdf (1 page, 20130 bytes).

PDF statistics: 40 PDF objects out of 1000 (max. 8388607)
 23 compressed objects within 1 object stream
 0 named destinations out of 1000 (max. 131072)
 1 words of extra memory for PDF output out of 10000 (max. 10000000)

